[2026-03-08 18:40:51] Erreur getSliderImages: SQLSTATE[42S02]: Base table or view not found: 1146 Table 'gscc.slider_accueil' doesn't exist
[2026-03-08 18:40:51] Erreur getPartenairesActifs: SQLSTATE[42S02]: Base table or view not found: 1146 Table 'gscc.partenaires' doesn't exist
[2026-03-08 18:46:26] Erreur partenaires.php: SQLSTATE[42S02]: Base table or view not found: 1146 Table 'gscc.partenaires' doesn't exist
[2026-03-08 18:46:47] Erreur partenaires.php: SQLSTATE[42S02]: Base table or view not found: 1146 Table 'gscc.partenaires' doesn't exist
[2026-03-08 18:46:49] Erreur partenaires.php: SQLSTATE[42S02]: Base table or view not found: 1146 Table 'gscc.partenaires' doesn't exist
[2026-03-08 18:46:58] Erreur partenaires.php: SQLSTATE[42S02]: Base table or view not found: 1146 Table 'gscc.partenaires' doesn't exist
[2026-03-08 18:47:08] Erreur getSliderImages: SQLSTATE[42S02]: Base table or view not found: 1146 Table 'gscc.slider_accueil' doesn't exist
[2026-03-08 18:47:08] Erreur getPartenairesActifs: SQLSTATE[42S02]: Base table or view not found: 1146 Table 'gscc.partenaires' doesn't exist
[2026-03-08 21:26:22] Erreur getSliderImages: SQLSTATE[42S02]: Base table or view not found: 1146 Table 'gscc.slider_accueil' doesn't exist
[2026-03-08 21:26:22] Erreur getPartenairesActifs: SQLSTATE[42S02]: Base table or view not found: 1146 Table 'gscc.partenaires' doesn't exist
[2026-03-08 21:29:10] Erreur getSliderImages: SQLSTATE[42S02]: Base table or view not found: 1146 Table 'gscc.slider_accueil' doesn't exist
[2026-03-08 21:29:10] Erreur getPartenairesActifs: SQLSTATE[42S02]: Base table or view not found: 1146 Table 'gscc.partenaires' doesn't exist
[2026-03-09 00:08:46] Erreur partenaires.php: SQLSTATE[42S02]: Base table or view not found: 1146 Table 'gscc.partenaires' doesn't exist
[2026-03-09 00:23:15] Erreur getSliderImages: SQLSTATE[42S02]: Base table or view not found: 1146 Table 'gscc.slider_accueil' doesn't exist
[2026-03-09 00:23:15] Erreur getPartenairesActifs: SQLSTATE[42S02]: Base table or view not found: 1146 Table 'gscc.partenaires' doesn't exist
[2026-03-09 07:23:02] Erreur getSliderImages: SQLSTATE[42S02]: Base table or view not found: 1146 Table 'gscc.slider_accueil' doesn't exist
[2026-03-09 07:23:02] Erreur getPartenairesActifs: SQLSTATE[42S02]: Base table or view not found: 1146 Table 'gscc.partenaires' doesn't exist
[2026-03-09 07:30:17] Erreur getSliderImages: SQLSTATE[42S02]: Base table or view not found: 1146 Table 'gscc.slider_accueil' doesn't exist
[2026-03-09 07:30:17] Erreur getPartenairesActifs: SQLSTATE[42S02]: Base table or view not found: 1146 Table 'gscc.partenaires' doesn't exist
[2026-03-09 10:22:01] Erreur getSliderImages: SQLSTATE[42S02]: Base table or view not found: 1146 Table 'gscc.slider_accueil' doesn't exist
[2026-03-09 10:22:01] Erreur getPartenairesActifs: SQLSTATE[42S02]: Base table or view not found: 1146 Table 'gscc.partenaires' doesn't exist
[2026-03-09 10:26:49] Erreur getSliderImages: SQLSTATE[42S02]: Base table or view not found: 1146 Table 'gscc.slider_accueil' doesn't exist
[2026-03-09 10:26:49] Erreur getPartenairesActifs: SQLSTATE[42S02]: Base table or view not found: 1146 Table 'gscc.partenaires' doesn't exist
[2026-03-09 10:47:32] Erreur getSliderImages: SQLSTATE[42S02]: Base table or view not found: 1146 Table 'gscc.slider_accueil' doesn't exist
[2026-03-09 10:47:32] Erreur getPartenairesActifs: SQLSTATE[42S02]: Base table or view not found: 1146 Table 'gscc.partenaires' doesn't exist
[2026-03-09 10:47:54] Erreur getSliderImages: SQLSTATE[42S02]: Base table or view not found: 1146 Table 'gscc.slider_accueil' doesn't exist
[2026-03-09 10:47:54] Erreur getPartenairesActifs: SQLSTATE[42S02]: Base table or view not found: 1146 Table 'gscc.partenaires' doesn't exist
[2026-03-09 10:49:29] Erreur getSliderImages: SQLSTATE[42S02]: Base table or view not found: 1146 Table 'gscc.slider_accueil' doesn't exist
[2026-03-09 10:49:29] Erreur getPartenairesActifs: SQLSTATE[42S02]: Base table or view not found: 1146 Table 'gscc.partenaires' doesn't exist
[2026-03-09 10:49:30] Erreur getSliderImages: SQLSTATE[42S02]: Base table or view not found: 1146 Table 'gscc.slider_accueil' doesn't exist
[2026-03-09 10:49:30] Erreur getPartenairesActifs: SQLSTATE[42S02]: Base table or view not found: 1146 Table 'gscc.partenaires' doesn't exist
[2026-03-09 10:49:38] Erreur getSliderImages: SQLSTATE[42S02]: Base table or view not found: 1146 Table 'gscc.slider_accueil' doesn't exist
[2026-03-09 10:49:38] Erreur getPartenairesActifs: SQLSTATE[42S02]: Base table or view not found: 1146 Table 'gscc.partenaires' doesn't exist
[2026-03-09 10:49:41] Erreur getSliderImages: SQLSTATE[42S02]: Base table or view not found: 1146 Table 'gscc.slider_accueil' doesn't exist
[2026-03-09 10:49:41] Erreur getPartenairesActifs: SQLSTATE[42S02]: Base table or view not found: 1146 Table 'gscc.partenaires' doesn't exist
[2026-03-09 10:49:58] Erreur getSliderImages: SQLSTATE[42S02]: Base table or view not found: 1146 Table 'gscc.slider_accueil' doesn't exist
[2026-03-09 10:49:58] Erreur getPartenairesActifs: SQLSTATE[42S02]: Base table or view not found: 1146 Table 'gscc.partenaires' doesn't exist
[2026-03-09 10:50:03] Erreur getSliderImages: SQLSTATE[42S02]: Base table or view not found: 1146 Table 'gscc.slider_accueil' doesn't exist
[2026-03-09 10:50:03] Erreur getPartenairesActifs: SQLSTATE[42S02]: Base table or view not found: 1146 Table 'gscc.partenaires' doesn't exist
[2026-03-09 10:50:06] Erreur getSliderImages: SQLSTATE[42S02]: Base table or view not found: 1146 Table 'gscc.slider_accueil' doesn't exist
[2026-03-09 10:50:06] Erreur getPartenairesActifs: SQLSTATE[42S02]: Base table or view not found: 1146 Table 'gscc.partenaires' doesn't exist
[2026-03-09 10:50:58] Erreur getSliderImages: SQLSTATE[42S02]: Base table or view not found: 1146 Table 'gscc.slider_accueil' doesn't exist
[2026-03-09 10:50:58] Erreur getPartenairesActifs: SQLSTATE[42S02]: Base table or view not found: 1146 Table 'gscc.partenaires' doesn't exist
[2026-03-09 10:52:26] Erreur getSliderImages: SQLSTATE[42S02]: Base table or view not found: 1146 Table 'gscc.slider_accueil' doesn't exist
[2026-03-09 10:52:26] Erreur getPartenairesActifs: SQLSTATE[42S02]: Base table or view not found: 1146 Table 'gscc.partenaires' doesn't exist
[2026-03-09 10:57:29] Erreur getSliderImages: SQLSTATE[42S02]: Base table or view not found: 1146 Table 'gscc.slider_accueil' doesn't exist
[2026-03-09 10:57:29] Erreur getPartenairesActifs: SQLSTATE[42S02]: Base table or view not found: 1146 Table 'gscc.partenaires' doesn't exist
[2026-03-09 10:59:57] Erreur getSliderImages: SQLSTATE[42S02]: Base table or view not found: 1146 Table 'gscc.slider_accueil' doesn't exist
[2026-03-09 10:59:57] Erreur getPartenairesActifs: SQLSTATE[42S02]: Base table or view not found: 1146 Table 'gscc.partenaires' doesn't exist
[2026-03-09 11:00:03] Erreur partenaires.php: SQLSTATE[42S02]: Base table or view not found: 1146 Table 'gscc.partenaires' doesn't exist
[2026-03-09 11:07:27] Erreur partenaires.php: SQLSTATE[42S02]: Base table or view not found: 1146 Table 'gscc.partenaires' doesn't exist
[2026-03-09 11:07:52] Erreur partenaires.php: SQLSTATE[42S02]: Base table or view not found: 1146 Table 'gscc.partenaires' doesn't exist
[2026-03-09 11:09:12] Erreur partenaires.php: SQLSTATE[42S02]: Base table or view not found: 1146 Table 'gscc.partenaires' doesn't exist
[2026-03-09 11:11:09] Erreur getSliderImages: SQLSTATE[42S02]: Base table or view not found: 1146 Table 'gscc.slider_accueil' doesn't exist
[2026-03-09 11:11:09] Erreur getPartenairesActifs: SQLSTATE[42S02]: Base table or view not found: 1146 Table 'gscc.partenaires' doesn't exist
[2026-03-09 11:11:38] Erreur getSliderImages: SQLSTATE[42S02]: Base table or view not found: 1146 Table 'gscc.slider_accueil' doesn't exist
[2026-03-09 11:11:38] Erreur getPartenairesActifs: SQLSTATE[42S02]: Base table or view not found: 1146 Table 'gscc.partenaires' doesn't exist
[2026-03-09 11:11:54] Erreur getSliderImages: SQLSTATE[42S02]: Base table or view not found: 1146 Table 'gscc.slider_accueil' doesn't exist
[2026-03-09 11:11:54] Erreur getPartenairesActifs: SQLSTATE[42S02]: Base table or view not found: 1146 Table 'gscc.partenaires' doesn't exist
[2026-03-09 11:12:01] Erreur getSliderImages: SQLSTATE[42S02]: Base table or view not found: 1146 Table 'gscc.slider_accueil' doesn't exist
[2026-03-09 11:12:01] Erreur getPartenairesActifs: SQLSTATE[42S02]: Base table or view not found: 1146 Table 'gscc.partenaires' doesn't exist
[2026-03-09 11:12:34] Erreur getSliderImages: SQLSTATE[42S02]: Base table or view not found: 1146 Table 'gscc.slider_accueil' doesn't exist
[2026-03-09 11:12:34] Erreur getPartenairesActifs: SQLSTATE[42S02]: Base table or view not found: 1146 Table 'gscc.partenaires' doesn't exist
[2026-03-09 11:13:20] Erreur getSliderImages: SQLSTATE[42S02]: Base table or view not found: 1146 Table 'gscc.slider_accueil' doesn't exist
[2026-03-09 11:13:20] Erreur getPartenairesActifs: SQLSTATE[42S02]: Base table or view not found: 1146 Table 'gscc.partenaires' doesn't exist
[2026-03-09 11:14:53] Erreur partenaires.php: SQLSTATE[42S02]: Base table or view not found: 1146 Table 'gscc.partenaires' doesn't exist
[2026-03-09 11:15:35] Erreur partenaires.php: SQLSTATE[42S02]: Base table or view not found: 1146 Table 'gscc.partenaires' doesn't exist
[2026-03-09 11:18:02] Erreur getSliderImages: SQLSTATE[42S02]: Base table or view not found: 1146 Table 'gscc.slider_accueil' doesn't exist
[2026-03-09 11:18:02] Erreur getPartenairesActifs: SQLSTATE[42S02]: Base table or view not found: 1146 Table 'gscc.partenaires' doesn't exist
[2026-03-09 11:56:14] Erreur getSliderImages: SQLSTATE[42S02]: Base table or view not found: 1146 Table 'gscc.slider_accueil' doesn't exist
[2026-03-09 11:56:14] Erreur getPartenairesActifs: SQLSTATE[42S02]: Base table or view not found: 1146 Table 'gscc.partenaires' doesn't exist
[2026-03-09 11:57:58] Erreur getSliderImages: SQLSTATE[42S02]: Base table or view not found: 1146 Table 'gscc.slider_accueil' doesn't exist
[2026-03-09 11:57:58] Erreur getPartenairesActifs: SQLSTATE[42S02]: Base table or view not found: 1146 Table 'gscc.partenaires' doesn't exist
[2026-03-09 12:01:01] Erreur getSliderImages: SQLSTATE[42S02]: Base table or view not found: 1146 Table 'gscc.slider_accueil' doesn't exist
[2026-03-09 12:01:01] Erreur getPartenairesActifs: SQLSTATE[42S02]: Base table or view not found: 1146 Table 'gscc.partenaires' doesn't exist
[2026-03-09 12:07:09] Erreur getSliderImages: SQLSTATE[42S02]: Base table or view not found: 1146 Table 'gscc.slider_accueil' doesn't exist
[2026-03-09 12:07:09] Erreur getPartenairesActifs: SQLSTATE[42S02]: Base table or view not found: 1146 Table 'gscc.partenaires' doesn't exist
[2026-03-09 12:07:48] Erreur getSliderImages: SQLSTATE[42S02]: Base table or view not found: 1146 Table 'gscc.slider_accueil' doesn't exist
[2026-03-09 12:07:48] Erreur getPartenairesActifs: SQLSTATE[42S02]: Base table or view not found: 1146 Table 'gscc.partenaires' doesn't exist
[2026-03-09 12:11:13] Erreur getSliderImages: SQLSTATE[42S02]: Base table or view not found: 1146 Table 'gscc.slider_accueil' doesn't exist
[2026-03-09 12:11:13] Erreur getPartenairesActifs: SQLSTATE[42S02]: Base table or view not found: 1146 Table 'gscc.partenaires' doesn't exist
[2026-03-09 12:12:12] Erreur getSliderImages: SQLSTATE[42S02]: Base table or view not found: 1146 Table 'gscc.slider_accueil' doesn't exist
[2026-03-09 12:12:12] Erreur getPartenairesActifs: SQLSTATE[42S02]: Base table or view not found: 1146 Table 'gscc.partenaires' doesn't exist
[2026-03-09 12:12:50] Erreur getSliderImages: SQLSTATE[42S02]: Base table or view not found: 1146 Table 'gscc.slider_accueil' doesn't exist
[2026-03-09 12:12:50] Erreur getPartenairesActifs: SQLSTATE[42S02]: Base table or view not found: 1146 Table 'gscc.partenaires' doesn't exist
[2026-03-09 12:12:59] Erreur getSliderImages: SQLSTATE[42S02]: Base table or view not found: 1146 Table 'gscc.slider_accueil' doesn't exist
[2026-03-09 12:12:59] Erreur getPartenairesActifs: SQLSTATE[42S02]: Base table or view not found: 1146 Table 'gscc.partenaires' doesn't exist
[2026-03-09 12:17:34] Erreur getSliderImages: SQLSTATE[42S02]: Base table or view not found: 1146 Table 'gscc.slider_accueil' doesn't exist
[2026-03-09 12:17:50] Erreur getDerniersArticles: SQLSTATE[HY000]: General error: 2006 MySQL server has gone away
[2026-03-09 12:17:50] Erreur getProchainsEvenements: SQLSTATE[HY000]: General error: 2006 MySQL server has gone away
[2026-03-09 12:17:50] Erreur getTemoignagesApprouves: SQLSTATE[HY000]: General error: 2006 MySQL server has gone away
[2026-03-09 12:17:50] Erreur getPartenairesActifs: SQLSTATE[HY000]: General error: 2006 MySQL server has gone away
[2026-03-09 12:17:50] Erreur getParam: SQLSTATE[HY000]: General error: 2006 MySQL server has gone away
[2026-03-09 12:17:50] Erreur getParam: SQLSTATE[HY000]: General error: 2006 MySQL server has gone away
[2026-03-09 12:18:53] Erreur getSliderImages: SQLSTATE[42S02]: Base table or view not found: 1146 Table 'gscc.slider_accueil' doesn't exist
[2026-03-09 12:18:53] Erreur getPartenairesActifs: SQLSTATE[42S02]: Base table or view not found: 1146 Table 'gscc.partenaires' doesn't exist
[2026-03-09 12:56:41] Erreur getSliderImages: SQLSTATE[42S02]: Base table or view not found: 1146 Table 'gscc.slider_accueil' doesn't exist
[2026-03-09 12:56:41] Erreur getPartenairesActifs: SQLSTATE[42S02]: Base table or view not found: 1146 Table 'gscc.partenaires' doesn't exist
[2026-03-09 12:58:16] Erreur getSliderImages: SQLSTATE[42S02]: Base table or view not found: 1146 Table 'gscc.slider_accueil' doesn't exist
[2026-03-09 12:58:16] Erreur getPartenairesActifs: SQLSTATE[42S02]: Base table or view not found: 1146 Table 'gscc.partenaires' doesn't exist
[2026-03-09 13:05:04] Erreur getSliderImages: SQLSTATE[42S02]: Base table or view not found: 1146 Table 'gscc.slider_accueil' doesn't exist
[2026-03-09 13:05:04] Erreur getPartenairesActifs: SQLSTATE[42S02]: Base table or view not found: 1146 Table 'gscc.partenaires' doesn't exist
[2026-03-09 13:05:42] Erreur getSliderImages: SQLSTATE[42S02]: Base table or view not found: 1146 Table 'gscc.slider_accueil' doesn't exist
[2026-03-09 13:05:42] Erreur getPartenairesActifs: SQLSTATE[42S02]: Base table or view not found: 1146 Table 'gscc.partenaires' doesn't exist
[2026-03-09 13:05:59] Erreur getSliderImages: SQLSTATE[42S02]: Base table or view not found: 1146 Table 'gscc.slider_accueil' doesn't exist
[2026-03-09 13:05:59] Erreur getPartenairesActifs: SQLSTATE[42S02]: Base table or view not found: 1146 Table 'gscc.partenaires' doesn't exist
[2026-03-09 13:08:16] Erreur getSliderImages: SQLSTATE[42S02]: Base table or view not found: 1146 Table 'gscc.slider_accueil' doesn't exist
[2026-03-09 13:08:16] Erreur getPartenairesActifs: SQLSTATE[42S02]: Base table or view not found: 1146 Table 'gscc.partenaires' doesn't exist
[2026-03-09 13:08:48] Erreur getSliderImages: SQLSTATE[42S02]: Base table or view not found: 1146 Table 'gscc.slider_accueil' doesn't exist
[2026-03-09 13:08:48] Erreur getPartenairesActifs: SQLSTATE[42S02]: Base table or view not found: 1146 Table 'gscc.partenaires' doesn't exist
[2026-03-09 13:08:56] Erreur getSliderImages: SQLSTATE[42S02]: Base table or view not found: 1146 Table 'gscc.slider_accueil' doesn't exist
[2026-03-09 13:08:56] Erreur getPartenairesActifs: SQLSTATE[42S02]: Base table or view not found: 1146 Table 'gscc.partenaires' doesn't exist
[2026-03-09 13:10:17] Erreur getSliderImages: SQLSTATE[42S02]: Base table or view not found: 1146 Table 'gscc.slider_accueil' doesn't exist
[2026-03-09 13:10:17] Erreur getPartenairesActifs: SQLSTATE[42S02]: Base table or view not found: 1146 Table 'gscc.partenaires' doesn't exist
[2026-03-09 13:10:31] Erreur getSliderImages: SQLSTATE[42S02]: Base table or view not found: 1146 Table 'gscc.slider_accueil' doesn't exist
[2026-03-09 13:10:31] Erreur getPartenairesActifs: SQLSTATE[42S02]: Base table or view not found: 1146 Table 'gscc.partenaires' doesn't exist
[2026-03-09 13:17:09] Erreur getSliderImages: SQLSTATE[42S02]: Base table or view not found: 1146 Table 'gscc.slider_accueil' doesn't exist
[2026-03-09 13:17:09] Erreur getPartenairesActifs: SQLSTATE[42S02]: Base table or view not found: 1146 Table 'gscc.partenaires' doesn't exist
[2026-03-09 13:19:14] Erreur getSliderImages: SQLSTATE[42S02]: Base table or view not found: 1146 Table 'gscc.slider_accueil' doesn't exist
[2026-03-09 13:19:14] Erreur getPartenairesActifs: SQLSTATE[42S02]: Base table or view not found: 1146 Table 'gscc.partenaires' doesn't exist
[2026-03-09 13:32:53] Erreur getSliderImages: SQLSTATE[42S02]: Base table or view not found: 1146 Table 'gscc.slider_accueil' doesn't exist
[2026-03-09 13:32:53] Erreur getPartenairesActifs: SQLSTATE[42S02]: Base table or view not found: 1146 Table 'gscc.partenaires' doesn't exist
[2026-03-09 13:33:50] Erreur getSliderImages: SQLSTATE[42S02]: Base table or view not found: 1146 Table 'gscc.slider_accueil' doesn't exist
[2026-03-09 13:33:50] Erreur getPartenairesActifs: SQLSTATE[42S02]: Base table or view not found: 1146 Table 'gscc.partenaires' doesn't exist
[2026-03-09 13:34:04] Erreur getSliderImages: SQLSTATE[42S02]: Base table or view not found: 1146 Table 'gscc.slider_accueil' doesn't exist
[2026-03-09 13:34:04] Erreur getPartenairesActifs: SQLSTATE[42S02]: Base table or view not found: 1146 Table 'gscc.partenaires' doesn't exist
[2026-03-09 13:34:31] Erreur getSliderImages: SQLSTATE[42S02]: Base table or view not found: 1146 Table 'gscc.slider_accueil' doesn't exist
[2026-03-09 13:34:31] Erreur getPartenairesActifs: SQLSTATE[42S02]: Base table or view not found: 1146 Table 'gscc.partenaires' doesn't exist
[2026-03-09 13:36:54] Erreur getSliderImages: SQLSTATE[42S02]: Base table or view not found: 1146 Table 'gscc.slider_accueil' doesn't exist
[2026-03-09 13:36:54] Erreur getPartenairesActifs: SQLSTATE[42S02]: Base table or view not found: 1146 Table 'gscc.partenaires' doesn't exist
[2026-03-09 17:04:12] Erreur partenaires.php: SQLSTATE[42S02]: Base table or view not found: 1146 Table 'gscc.partenaires' doesn't exist
[2026-03-09 17:04:36] Erreur getSliderImages: SQLSTATE[42S02]: Base table or view not found: 1146 Table 'gscc.slider_accueil' doesn't exist
[2026-03-09 17:04:36] Erreur getPartenairesActifs: SQLSTATE[42S02]: Base table or view not found: 1146 Table 'gscc.partenaires' doesn't exist
[2026-03-09 17:05:53] Erreur getSliderImages: SQLSTATE[42S02]: Base table or view not found: 1146 Table 'gscc.slider_accueil' doesn't exist
[2026-03-09 17:05:53] Erreur getPartenairesActifs: SQLSTATE[42S02]: Base table or view not found: 1146 Table 'gscc.partenaires' doesn't exist
[2026-03-09 17:06:37] Erreur getSliderImages: SQLSTATE[42S02]: Base table or view not found: 1146 Table 'gscc.slider_accueil' doesn't exist
[2026-03-09 17:06:37] Erreur getPartenairesActifs: SQLSTATE[42S02]: Base table or view not found: 1146 Table 'gscc.partenaires' doesn't exist
[2026-03-09 17:06:59] Erreur getSliderImages: SQLSTATE[42S02]: Base table or view not found: 1146 Table 'gscc.slider_accueil' doesn't exist
[2026-03-09 17:06:59] Erreur getPartenairesActifs: SQLSTATE[42S02]: Base table or view not found: 1146 Table 'gscc.partenaires' doesn't exist
[2026-03-09 17:07:19] Erreur getSliderImages: SQLSTATE[42S02]: Base table or view not found: 1146 Table 'gscc.slider_accueil' doesn't exist
[2026-03-09 17:07:19] Erreur getPartenairesActifs: SQLSTATE[42S02]: Base table or view not found: 1146 Table 'gscc.partenaires' doesn't exist
[2026-03-09 17:12:35] Erreur partenaires.php: SQLSTATE[42S02]: Base table or view not found: 1146 Table 'gscc.partenaires' doesn't exist
[2026-03-09 17:12:44] Erreur getSliderImages: SQLSTATE[42S02]: Base table or view not found: 1146 Table 'gscc.slider_accueil' doesn't exist
[2026-03-09 17:12:44] Erreur getPartenairesActifs: SQLSTATE[42S02]: Base table or view not found: 1146 Table 'gscc.partenaires' doesn't exist
[2026-03-09 17:14:07] Erreur partenaires.php: SQLSTATE[42S02]: Base table or view not found: 1146 Table 'gscc.partenaires' doesn't exist
[2026-03-09 17:14:52] Erreur partenaires.php: SQLSTATE[42S02]: Base table or view not found: 1146 Table 'gscc.partenaires' doesn't exist
[2026-03-09 17:15:54] Erreur partenaires.php: SQLSTATE[42S02]: Base table or view not found: 1146 Table 'gscc.partenaires' doesn't exist
[2026-03-09 17:20:15] Erreur getSliderImages: SQLSTATE[42S02]: Base table or view not found: 1146 Table 'gscc.slider_accueil' doesn't exist
[2026-03-09 17:20:15] Erreur getPartenairesActifs: SQLSTATE[42S02]: Base table or view not found: 1146 Table 'gscc.partenaires' doesn't exist
[2026-03-09 17:32:46] Erreur getSliderImages: SQLSTATE[42S02]: Base table or view not found: 1146 Table 'gscc.slider_accueil' doesn't exist
[2026-03-09 17:32:46] Erreur getPartenairesActifs: SQLSTATE[42S02]: Base table or view not found: 1146 Table 'gscc.partenaires' doesn't exist
[2026-03-09 17:33:15] Erreur getSliderImages: SQLSTATE[42S02]: Base table or view not found: 1146 Table 'gscc.slider_accueil' doesn't exist
[2026-03-09 17:33:15] Erreur getPartenairesActifs: SQLSTATE[42S02]: Base table or view not found: 1146 Table 'gscc.partenaires' doesn't exist
[2026-03-09 17:33:26] Erreur getSliderImages: SQLSTATE[42S02]: Base table or view not found: 1146 Table 'gscc.slider_accueil' doesn't exist
[2026-03-09 17:33:26] Erreur getPartenairesActifs: SQLSTATE[42S02]: Base table or view not found: 1146 Table 'gscc.partenaires' doesn't exist
[2026-03-09 17:33:47] Erreur getSliderImages: SQLSTATE[42S02]: Base table or view not found: 1146 Table 'gscc.slider_accueil' doesn't exist
[2026-03-09 17:33:47] Erreur getPartenairesActifs: SQLSTATE[42S02]: Base table or view not found: 1146 Table 'gscc.partenaires' doesn't exist
[2026-03-09 17:34:00] Erreur getSliderImages: SQLSTATE[42S02]: Base table or view not found: 1146 Table 'gscc.slider_accueil' doesn't exist
[2026-03-09 17:34:00] Erreur getPartenairesActifs: SQLSTATE[42S02]: Base table or view not found: 1146 Table 'gscc.partenaires' doesn't exist
[2026-03-09 17:40:18] Erreur getSliderImages: SQLSTATE[42S02]: Base table or view not found: 1146 Table 'gscc.slider_accueil' doesn't exist
[2026-03-09 17:40:18] Erreur getPartenairesActifs: SQLSTATE[42S02]: Base table or view not found: 1146 Table 'gscc.partenaires' doesn't exist
[2026-03-09 17:40:29] Erreur getSliderImages: SQLSTATE[42S02]: Base table or view not found: 1146 Table 'gscc.slider_accueil' doesn't exist
[2026-03-09 17:40:29] Erreur getPartenairesActifs: SQLSTATE[42S02]: Base table or view not found: 1146 Table 'gscc.partenaires' doesn't exist
[2026-03-09 17:40:37] Erreur getSliderImages: SQLSTATE[42S02]: Base table or view not found: 1146 Table 'gscc.slider_accueil' doesn't exist
[2026-03-09 17:40:37] Erreur getPartenairesActifs: SQLSTATE[42S02]: Base table or view not found: 1146 Table 'gscc.partenaires' doesn't exist
[2026-03-09 17:41:02] Erreur partenaires.php: SQLSTATE[42S02]: Base table or view not found: 1146 Table 'gscc.partenaires' doesn't exist
[2026-03-09 17:41:11] Erreur partenaires.php: SQLSTATE[42S02]: Base table or view not found: 1146 Table 'gscc.partenaires' doesn't exist
[2026-03-09 17:42:44] Erreur getSliderImages: SQLSTATE[42S02]: Base table or view not found: 1146 Table 'gscc.slider_accueil' doesn't exist
[2026-03-09 17:42:44] Erreur getPartenairesActifs: SQLSTATE[42S02]: Base table or view not found: 1146 Table 'gscc.partenaires' doesn't exist
[2026-03-09 18:45:31] Erreur getSliderImages: SQLSTATE[42S02]: Base table or view not found: 1146 Table 'gscc.slider_accueil' doesn't exist
[2026-03-09 18:45:31] Erreur getPartenairesActifs: SQLSTATE[42S02]: Base table or view not found: 1146 Table 'gscc.partenaires' doesn't exist
[2026-03-09 19:56:15] Erreur getSliderImages: SQLSTATE[42S02]: Base table or view not found: 1146 Table 'gscc.slider_accueil' doesn't exist
[2026-03-09 19:56:15] Erreur getPartenairesActifs: SQLSTATE[42S02]: Base table or view not found: 1146 Table 'gscc.partenaires' doesn't exist
[2026-03-09 20:46:39] Erreur partenaires.php: SQLSTATE[42S02]: Base table or view not found: 1146 Table 'gscc.partenaires' doesn't exist
[2026-03-09 20:48:41] Erreur getSliderImages: SQLSTATE[42S02]: Base table or view not found: 1146 Table 'gscc.slider_accueil' doesn't exist
[2026-03-09 20:48:41] Erreur getPartenairesActifs: SQLSTATE[42S02]: Base table or view not found: 1146 Table 'gscc.partenaires' doesn't exist
[2026-03-09 21:09:50] Erreur getSliderImages: SQLSTATE[42S02]: Base table or view not found: 1146 Table 'gscc.slider_accueil' doesn't exist
[2026-03-09 21:09:50] Erreur getPartenairesActifs: SQLSTATE[42S02]: Base table or view not found: 1146 Table 'gscc.partenaires' doesn't exist
[2026-03-09 21:10:22] Erreur getSliderImages: SQLSTATE[42S02]: Base table or view not found: 1146 Table 'gscc.slider_accueil' doesn't exist
[2026-03-09 21:10:22] Erreur getPartenairesActifs: SQLSTATE[42S02]: Base table or view not found: 1146 Table 'gscc.partenaires' doesn't exist
[2026-03-09 21:23:38] Erreur getSliderImages: SQLSTATE[42S02]: Base table or view not found: 1146 Table 'gscc.slider_accueil' doesn't exist
[2026-03-09 21:23:38] Erreur getPartenairesActifs: SQLSTATE[42S02]: Base table or view not found: 1146 Table 'gscc.partenaires' doesn't exist
[2026-03-09 21:24:14] Erreur getSliderImages: SQLSTATE[42S02]: Base table or view not found: 1146 Table 'gscc.slider_accueil' doesn't exist
[2026-03-09 21:24:14] Erreur getPartenairesActifs: SQLSTATE[42S02]: Base table or view not found: 1146 Table 'gscc.partenaires' doesn't exist
[2026-03-09 21:24:29] Erreur partenaires.php: SQLSTATE[42S02]: Base table or view not found: 1146 Table 'gscc.partenaires' doesn't exist
[2026-03-09 21:30:52] Erreur partenaires.php: SQLSTATE[42S02]: Base table or view not found: 1146 Table 'gscc.partenaires' doesn't exist
[2026-03-10 08:27:44] Erreur partenaires.php: SQLSTATE[42S02]: Base table or view not found: 1146 Table 'gscc.partenaires' doesn't exist
[2026-03-10 08:29:38] Erreur getSliderImages: SQLSTATE[42S02]: Base table or view not found: 1146 Table 'gscc.slider_accueil' doesn't exist
[2026-03-10 08:29:38] Erreur getPartenairesActifs: SQLSTATE[42S02]: Base table or view not found: 1146 Table 'gscc.partenaires' doesn't exist
[2026-03-10 08:30:06] Erreur partenaires.php: SQLSTATE[42S02]: Base table or view not found: 1146 Table 'gscc.partenaires' doesn't exist
[2026-03-10 08:39:07] Erreur partenaires.php: SQLSTATE[42S02]: Base table or view not found: 1146 Table 'gscc.partenaires' doesn't exist
[2026-03-10 08:48:59] Erreur partenaires.php: SQLSTATE[42S02]: Base table or view not found: 1146 Table 'gscc.partenaires' doesn't exist
[2026-03-10 08:52:58] Erreur getSliderImages: SQLSTATE[42S02]: Base table or view not found: 1146 Table 'gscc.slider_accueil' doesn't exist
[2026-03-10 08:52:58] Erreur getPartenairesActifs: SQLSTATE[42S02]: Base table or view not found: 1146 Table 'gscc.partenaires' doesn't exist
[2026-03-10 08:53:07] Erreur partenaires.php: SQLSTATE[42S02]: Base table or view not found: 1146 Table 'gscc.partenaires' doesn't exist
[2026-03-10 08:56:15] Erreur partenaires.php: SQLSTATE[42S02]: Base table or view not found: 1146 Table 'gscc.partenaires' doesn't exist
[2026-03-10 08:59:04] Erreur partenaires.php: SQLSTATE[42S02]: Base table or view not found: 1146 Table 'gscc.partenaires' doesn't exist
[2026-03-10 09:00:53] Erreur partenaires.php: SQLSTATE[42S02]: Base table or view not found: 1146 Table 'gscc.partenaires' doesn't exist
[2026-03-10 09:04:52] Erreur getSliderImages: SQLSTATE[42S02]: Base table or view not found: 1146 Table 'gscc.slider_accueil' doesn't exist
[2026-03-10 09:04:52] Erreur getPartenairesActifs: SQLSTATE[42S02]: Base table or view not found: 1146 Table 'gscc.partenaires' doesn't exist
[2026-03-10 09:05:24] Erreur partenaires.php: SQLSTATE[42S02]: Base table or view not found: 1146 Table 'gscc.partenaires' doesn't exist
[2026-03-10 09:07:44] Erreur partenaires.php: SQLSTATE[42S02]: Base table or view not found: 1146 Table 'gscc.partenaires' doesn't exist
[2026-03-10 09:10:05] Erreur partenaires.php: SQLSTATE[42S02]: Base table or view not found: 1146 Table 'gscc.partenaires' doesn't exist
[2026-03-10 09:19:40] Erreur getSliderImages: SQLSTATE[42S02]: Base table or view not found: 1146 Table 'gscc.slider_accueil' doesn't exist
[2026-03-10 09:19:40] Erreur getPartenairesActifs: SQLSTATE[42S02]: Base table or view not found: 1146 Table 'gscc.partenaires' doesn't exist
[2026-03-10 09:19:47] Erreur getSliderImages: SQLSTATE[42S02]: Base table or view not found: 1146 Table 'gscc.slider_accueil' doesn't exist
[2026-03-10 09:19:47] Erreur getPartenairesActifs: SQLSTATE[42S02]: Base table or view not found: 1146 Table 'gscc.partenaires' doesn't exist
[2026-03-10 09:21:38] Erreur partenaires.php: SQLSTATE[42S02]: Base table or view not found: 1146 Table 'gscc.partenaires' doesn't exist
[2026-03-10 09:30:55] Erreur getSliderImages: SQLSTATE[42S02]: Base table or view not found: 1146 Table 'gscc.slider_accueil' doesn't exist
[2026-03-10 09:30:55] Erreur getPartenairesActifs: SQLSTATE[42S02]: Base table or view not found: 1146 Table 'gscc.partenaires' doesn't exist
[2026-03-10 09:52:39] Erreur partenaires.php: SQLSTATE[42S02]: Base table or view not found: 1146 Table 'gscc.partenaires' doesn't exist
[2026-03-10 09:57:53] Erreur partenaires.php: SQLSTATE[42S02]: Base table or view not found: 1146 Table 'gscc.partenaires' doesn't exist
[2026-03-10 09:58:04] Erreur partenaires.php: SQLSTATE[42S02]: Base table or view not found: 1146 Table 'gscc.partenaires' doesn't exist
[2026-03-10 09:58:09] Erreur partenaires.php: SQLSTATE[42S02]: Base table or view not found: 1146 Table 'gscc.partenaires' doesn't exist
[2026-03-10 09:58:28] Erreur partenaires.php: SQLSTATE[42S02]: Base table or view not found: 1146 Table 'gscc.partenaires' doesn't exist
[2026-03-10 09:59:21] Erreur partenaires.php: SQLSTATE[42S02]: Base table or view not found: 1146 Table 'gscc.partenaires' doesn't exist
[2026-03-10 10:05:11] Erreur getSliderImages: SQLSTATE[42S02]: Base table or view not found: 1146 Table 'gscc.slider_accueil' doesn't exist
[2026-03-10 10:05:11] Erreur getPartenairesActifs: SQLSTATE[42S02]: Base table or view not found: 1146 Table 'gscc.partenaires' doesn't exist
[2026-03-10 10:11:21] Erreur partenaires.php: SQLSTATE[42S02]: Base table or view not found: 1146 Table 'gscc.partenaires' doesn't exist
[2026-03-10 10:11:29] Erreur getSliderImages: SQLSTATE[42S02]: Base table or view not found: 1146 Table 'gscc.slider_accueil' doesn't exist
[2026-03-10 10:11:29] Erreur getPartenairesActifs: SQLSTATE[42S02]: Base table or view not found: 1146 Table 'gscc.partenaires' doesn't exist
[2026-03-10 10:13:13] Erreur partenaires.php: SQLSTATE[42S02]: Base table or view not found: 1146 Table 'gscc.partenaires' doesn't exist
[2026-03-10 10:15:27] Erreur partenaires.php: SQLSTATE[42S02]: Base table or view not found: 1146 Table 'gscc.partenaires' doesn't exist
[2026-03-10 10:15:45] Erreur getSliderImages: SQLSTATE[42S02]: Base table or view not found: 1146 Table 'gscc.slider_accueil' doesn't exist
[2026-03-10 10:15:45] Erreur getPartenairesActifs: SQLSTATE[42S02]: Base table or view not found: 1146 Table 'gscc.partenaires' doesn't exist
[2026-03-10 10:19:20] Erreur partenaires.php: SQLSTATE[42S02]: Base table or view not found: 1146 Table 'gscc.partenaires' doesn't exist
[2026-03-10 10:51:37] Erreur partenaires.php: SQLSTATE[42S02]: Base table or view not found: 1146 Table 'gscc.partenaires' doesn't exist
[2026-03-10 10:52:23] Erreur getSliderImages: SQLSTATE[42S02]: Base table or view not found: 1146 Table 'gscc.slider_accueil' doesn't exist
[2026-03-10 10:52:23] Erreur getPartenairesActifs: SQLSTATE[42S02]: Base table or view not found: 1146 Table 'gscc.partenaires' doesn't exist
[2026-03-10 10:52:36] Erreur partenaires.php: SQLSTATE[42S02]: Base table or view not found: 1146 Table 'gscc.partenaires' doesn't exist
[2026-03-10 10:52:45] Erreur getSliderImages: SQLSTATE[42S02]: Base table or view not found: 1146 Table 'gscc.slider_accueil' doesn't exist
[2026-03-10 10:52:45] Erreur getPartenairesActifs: SQLSTATE[42S02]: Base table or view not found: 1146 Table 'gscc.partenaires' doesn't exist
[2026-03-10 10:54:24] Erreur getSliderImages: SQLSTATE[42S02]: Base table or view not found: 1146 Table 'gscc.slider_accueil' doesn't exist
[2026-03-10 10:54:24] Erreur getPartenairesActifs: SQLSTATE[42S02]: Base table or view not found: 1146 Table 'gscc.partenaires' doesn't exist
[2026-03-10 13:31:48] Erreur partenaires.php: SQLSTATE[42S02]: Base table or view not found: 1146 Table 'gscc.partenaires' doesn't exist
[2026-03-10 13:33:13] Erreur partenaires.php: SQLSTATE[42S02]: Base table or view not found: 1146 Table 'gscc.partenaires' doesn't exist
[2026-03-10 13:33:18] Erreur partenaires.php: SQLSTATE[42S02]: Base table or view not found: 1146 Table 'gscc.partenaires' doesn't exist
[2026-03-10 13:33:57] Erreur getSliderImages: SQLSTATE[42S02]: Base table or view not found: 1146 Table 'gscc.slider_accueil' doesn't exist
[2026-03-10 13:33:57] Erreur getPartenairesActifs: SQLSTATE[42S02]: Base table or view not found: 1146 Table 'gscc.partenaires' doesn't exist
[2026-03-10 13:34:10] Erreur getSliderImages: SQLSTATE[42S02]: Base table or view not found: 1146 Table 'gscc.slider_accueil' doesn't exist
[2026-03-10 13:34:10] Erreur getPartenairesActifs: SQLSTATE[42S02]: Base table or view not found: 1146 Table 'gscc.partenaires' doesn't exist
[2026-03-10 15:41:33] Erreur partenaires.php: SQLSTATE[42S02]: Base table or view not found: 1146 Table 'gscc.partenaires' doesn't exist
[2026-03-10 15:42:53] Erreur partenaires.php: SQLSTATE[42S02]: Base table or view not found: 1146 Table 'gscc.partenaires' doesn't exist
[2026-03-10 15:56:56] Erreur partenaires.php: SQLSTATE[42S02]: Base table or view not found: 1146 Table 'gscc.partenaires' doesn't exist
[2026-03-10 16:01:00] Erreur partenaires.php: SQLSTATE[42S02]: Base table or view not found: 1146 Table 'gscc.partenaires' doesn't exist
[2026-03-10 16:01:22] Erreur getSliderImages: SQLSTATE[42S02]: Base table or view not found: 1146 Table 'gscc.slider_accueil' doesn't exist
[2026-03-10 16:01:22] Erreur getPartenairesActifs: SQLSTATE[42S02]: Base table or view not found: 1146 Table 'gscc.partenaires' doesn't exist
[2026-03-10 16:04:01] Erreur getSliderImages: SQLSTATE[42S02]: Base table or view not found: 1146 Table 'gscc.slider_accueil' doesn't exist
[2026-03-10 16:04:01] Erreur getPartenairesActifs: SQLSTATE[42S02]: Base table or view not found: 1146 Table 'gscc.partenaires' doesn't exist
[2026-03-10 16:08:54] Erreur getSliderImages: SQLSTATE[42S02]: Base table or view not found: 1146 Table 'gscc.slider_accueil' doesn't exist
[2026-03-10 16:08:54] Erreur getPartenairesActifs: SQLSTATE[42S02]: Base table or view not found: 1146 Table 'gscc.partenaires' doesn't exist
[2026-03-10 16:16:57] Erreur getSliderImages: SQLSTATE[42S02]: Base table or view not found: 1146 Table 'gscc.slider_accueil' doesn't exist
[2026-03-10 16:16:57] Erreur getPartenairesActifs: SQLSTATE[42S02]: Base table or view not found: 1146 Table 'gscc.partenaires' doesn't exist
[2026-03-10 16:27:59] Erreur partenaires.php: SQLSTATE[42S02]: Base table or view not found: 1146 Table 'gscc.partenaires' doesn't exist
[2026-03-10 16:29:30] Erreur getSliderImages: SQLSTATE[42S02]: Base table or view not found: 1146 Table 'gscc.slider_accueil' doesn't exist
[2026-03-10 16:29:30] Erreur getPartenairesActifs: SQLSTATE[42S02]: Base table or view not found: 1146 Table 'gscc.partenaires' doesn't exist
[2026-03-10 17:54:04] Erreur getSliderImages: SQLSTATE[42S02]: Base table or view not found: 1146 Table 'gscc.slider_accueil' doesn't exist
[2026-03-10 17:54:04] Erreur getPartenairesActifs: SQLSTATE[42S02]: Base table or view not found: 1146 Table 'gscc.partenaires' doesn't exist
[2026-03-10 18:06:49] Erreur getSliderImages: SQLSTATE[42S02]: Base table or view not found: 1146 Table 'gscc.slider_accueil' doesn't exist
[2026-03-10 18:06:49] Erreur getPartenairesActifs: SQLSTATE[42S02]: Base table or view not found: 1146 Table 'gscc.partenaires' doesn't exist
[2026-03-10 18:07:39] Erreur partenaires.php: SQLSTATE[42S02]: Base table or view not found: 1146 Table 'gscc.partenaires' doesn't exist
[2026-03-10 18:17:08] Erreur getSliderImages: SQLSTATE[42S02]: Base table or view not found: 1146 Table 'gscc.slider_accueil' doesn't exist
[2026-03-10 18:17:08] Erreur getPartenairesActifs: SQLSTATE[42S02]: Base table or view not found: 1146 Table 'gscc.partenaires' doesn't exist
[2026-03-10 18:32:21] Erreur partenaires.php: SQLSTATE[42S02]: Base table or view not found: 1146 Table 'gscc.partenaires' doesn't exist
[2026-03-10 18:32:27] Erreur partenaires.php: SQLSTATE[42S02]: Base table or view not found: 1146 Table 'gscc.partenaires' doesn't exist
[2026-03-10 18:42:00] Erreur getSliderImages: SQLSTATE[42S02]: Base table or view not found: 1146 Table 'gscc.slider_accueil' doesn't exist
[2026-03-10 18:42:00] Erreur getPartenairesActifs: SQLSTATE[42S02]: Base table or view not found: 1146 Table 'gscc.partenaires' doesn't exist
[2026-03-10 18:43:03] Erreur getSliderImages: SQLSTATE[42S02]: Base table or view not found: 1146 Table 'gscc.slider_accueil' doesn't exist
[2026-03-10 18:43:03] Erreur getPartenairesActifs: SQLSTATE[42S02]: Base table or view not found: 1146 Table 'gscc.partenaires' doesn't exist
[2026-03-10 18:45:34] Erreur getSliderImages: SQLSTATE[42S02]: Base table or view not found: 1146 Table 'gscc.slider_accueil' doesn't exist
[2026-03-10 18:45:34] Erreur getPartenairesActifs: SQLSTATE[42S02]: Base table or view not found: 1146 Table 'gscc.partenaires' doesn't exist
[2026-03-10 18:46:30] Erreur getSliderImages: SQLSTATE[42S02]: Base table or view not found: 1146 Table 'gscc.slider_accueil' doesn't exist
[2026-03-10 18:46:30] Erreur getPartenairesActifs: SQLSTATE[42S02]: Base table or view not found: 1146 Table 'gscc.partenaires' doesn't exist
[2026-03-10 19:14:42] Erreur getSliderImages: SQLSTATE[42S02]: Base table or view not found: 1146 Table 'gscc.slider_accueil' doesn't exist
[2026-03-10 19:14:42] Erreur getPartenairesActifs: SQLSTATE[42S02]: Base table or view not found: 1146 Table 'gscc.partenaires' doesn't exist
[2026-03-10 20:40:32] Erreur getSliderImages: SQLSTATE[42S02]: Base table or view not found: 1146 Table 'gscc.slider_accueil' doesn't exist
[2026-03-10 20:40:32] Erreur getPartenairesActifs: SQLSTATE[42S02]: Base table or view not found: 1146 Table 'gscc.partenaires' doesn't exist
[2026-03-10 21:52:01] Erreur partenaires.php: SQLSTATE[42S02]: Base table or view not found: 1146 Table 'gscc.partenaires' doesn't exist
[2026-03-10 21:52:16] Erreur getSliderImages: SQLSTATE[42S02]: Base table or view not found: 1146 Table 'gscc.slider_accueil' doesn't exist
[2026-03-10 21:52:16] Erreur getPartenairesActifs: SQLSTATE[42S02]: Base table or view not found: 1146 Table 'gscc.partenaires' doesn't exist
[2026-03-10 22:31:47] Erreur getSliderImages: SQLSTATE[42S02]: Base table or view not found: 1146 Table 'gscc.slider_accueil' doesn't exist
[2026-03-10 22:31:48] Erreur getPartenairesActifs: SQLSTATE[42S02]: Base table or view not found: 1146 Table 'gscc.partenaires' doesn't exist
[2026-03-10 22:35:54] Erreur partenaires.php: SQLSTATE[42S02]: Base table or view not found: 1146 Table 'gscc.partenaires' doesn't exist
[2026-03-10 22:40:17] Erreur getSliderImages: SQLSTATE[42S02]: Base table or view not found: 1146 Table 'gscc.slider_accueil' doesn't exist
[2026-03-10 22:40:17] Erreur getPartenairesActifs: SQLSTATE[42S02]: Base table or view not found: 1146 Table 'gscc.partenaires' doesn't exist
[2026-03-10 22:50:23] Erreur getSliderImages: SQLSTATE[42S02]: Base table or view not found: 1146 Table 'gscc.slider_accueil' doesn't exist
[2026-03-10 22:50:23] Erreur getPartenairesActifs: SQLSTATE[42S02]: Base table or view not found: 1146 Table 'gscc.partenaires' doesn't exist
